

***********************************************************************
Fatal NI connect error 12170.

  VERSION INFORMATION:
	TNS for 32-bit Windows: Version 10.2.0.1.0 - Production
	Windows NT TCP/IP NT Protocol Adapter for 32-bit Windows: Version 10.2.0.1.0 - Production
  Time: 03-12月-2012 17:27:00
  Tracing not turned on.
  Tns error struct:
    ns main err code: 12535
    TNS-12535: TNS: 操作超时
    ns secondary err code: 12560
    nt main err code: 505
    TNS-00505: 操作超时
    nt secondary err code: 60
    nt OS err code: 0
  Client address: <unknown>


***********************************************************************
Fatal NI connect error 12560, connecting to:
 (DESCRIPTION=(ADDRESS=(PROTOCOL=BEQ)(PROGRAM=oracle)(ARGV0=oracleORCL)(ARGS='(DESCRIPTION=(LOCAL=YES)(ADDRESS=(PROTOCOL=beq)))'))(CONNECT_DATA=(SID=ORCL)(CID=(PROGRAM=E:\NGHB\NGHB\WG\bin\Debug\WG.vshost.exe)(HOST=THINK-THINK)(USER=think))))

  VERSION INFORMATION:
	TNS for 32-bit Windows: Version 10.2.0.1.0 - Production
	Oracle Bequeath NT Protocol Adapter for 32-bit Windows: Version 10.2.0.1.0 - Production
  Time: 03-12月-2012 17:27:00
  Tracing not turned on.
  Tns error struct:
    ns main err code: 12560
    TNS-12560: TNS: 协议适配器错误
    ns secondary err code: 0
    nt main err code: 530
    TNS-00530: 协议适配器错误
    nt secondary err code: 126
    nt OS err code: 0


***********************************************************************
Fatal NI connect error 12170.

  VERSION INFORMATION:
	TNS for 32-bit Windows: Version 10.2.0.1.0 - Production
	Windows NT TCP/IP NT Protocol Adapter for 32-bit Windows: Version 10.2.0.1.0 - Production
  Time: 03-12月-2012 17:27:25
  Tracing not turned on.
  Tns error struct:
    ns main err code: 12535
    TNS-12535: TNS: 操作超时
    ns secondary err code: 12560
    nt main err code: 505
    TNS-00505: 操作超时
    nt secondary err code: 60
    nt OS err code: 0
  Client address: <unknown>


***********************************************************************
Fatal NI connect error 12560, connecting to:
 (DESCRIPTION=(ADDRESS=(PROTOCOL=BEQ)(PROGRAM=oracle)(ARGV0=oracleORCL)(ARGS='(DESCRIPTION=(LOCAL=YES)(ADDRESS=(PROTOCOL=beq)))'))(CONNECT_DATA=(SID=ORCL)(CID=(PROGRAM=E:\NGHB\NGHB\WG\bin\Debug\WG.vshost.exe)(HOST=THINK-THINK)(USER=think))))

  VERSION INFORMATION:
	TNS for 32-bit Windows: Version 10.2.0.1.0 - Production
	Oracle Bequeath NT Protocol Adapter for 32-bit Windows: Version 10.2.0.1.0 - Production
  Time: 03-12月-2012 17:27:25
  Tracing not turned on.
  Tns error struct:
    ns main err code: 12560
    TNS-12560: TNS: 协议适配器错误
    ns secondary err code: 0
    nt main err code: 530
    TNS-00530: 协议适配器错误
    nt secondary err code: 126
    nt OS err code: 0


***********************************************************************
Fatal NI connect error 6413, connecting to:
 (DESCRIPTION=(ADDRESS_LIST=(ADDRESS=(PROTOCOL=TCP)(HOST=172.18.199.57)(PORT=1521)))(CONNECT_DATA=(SERVICE_NAME=MESTEST)(CID=(PROGRAM=D:\4700mm开发平台(Final)\NGHB\NGHB\WG\bin\Debug\WG.vshost.exe)(HOST=LC-PC)(USER=LC))))

  VERSION INFORMATION:
	TNS for 32-bit Windows: Version 10.2.0.1.0 - Production
  Time: 26-12月-2012 10:17:24
  Tracing not turned on.


***********************************************************************
Fatal NI connect error 6413, connecting to:
 (DESCRIPTION=(ADDRESS_LIST=(ADDRESS=(PROTOCOL=BEQ)(PROGRAM=oracle)(ARGV0=oracleORCL)(ARGS='(DESCRIPTION=(LOCAL=YES)(ADDRESS=(PROTOCOL=beq)))')))(CONNECT_DATA=(SID=ORCL)(CID=(PROGRAM=D:\4700mm开发平台(Final)\NGHB\NGHB\WG\bin\Debug\WG.vshost.exe)(HOST=LC-PC)(USER=LC))))

  VERSION INFORMATION:
	TNS for 32-bit Windows: Version 10.2.0.1.0 - Production
  Time: 26-12月-2012 10:17:24
  Tracing not turned on.


***********************************************************************
Fatal NI connect error 6413, connecting to:
 (DESCRIPTION=(ADDRESS_LIST=(ADDRESS=(PROTOCOL=TCP)(HOST=172.18.199.57)(PORT=1521)))(CONNECT_DATA=(SERVICE_NAME=MESTEST)(CID=(PROGRAM=D:\4700mm开发平台(Final)\NGHB\NGHB\WG\bin\Debug\WG.vshost.exe)(HOST=LC-PC)(USER=LC))))

  VERSION INFORMATION:
	TNS for 32-bit Windows: Version 10.2.0.1.0 - Production
  Time: 26-12月-2012 10:17:33
  Tracing not turned on.


***********************************************************************
Fatal NI connect error 6413, connecting to:
 (DESCRIPTION=(ADDRESS_LIST=(ADDRESS=(PROTOCOL=BEQ)(PROGRAM=oracle)(ARGV0=oracleORCL)(ARGS='(DESCRIPTION=(LOCAL=YES)(ADDRESS=(PROTOCOL=beq)))')))(CONNECT_DATA=(SID=ORCL)(CID=(PROGRAM=D:\4700mm开发平台(Final)\NGHB\NGHB\WG\bin\Debug\WG.vshost.exe)(HOST=LC-PC)(USER=LC))))

  VERSION INFORMATION:
	TNS for 32-bit Windows: Version 10.2.0.1.0 - Production
  Time: 26-12月-2012 10:17:33
  Tracing not turned on.


***********************************************************************
Fatal NI connect error 6413, connecting to:
 (DESCRIPTION=(ADDRESS_LIST=(ADDRESS=(PROTOCOL=TCP)(HOST=172.18.199.57)(PORT=1521)))(CONNECT_DATA=(SERVICE_NAME=MESTEST)(CID=(PROGRAM=D:\4700mm开发平台(Final)\NGHB\NGHB\WG\bin\Debug\WG.vshost.exe)(HOST=LC-PC)(USER=LC))))

  VERSION INFORMATION:
	TNS for 32-bit Windows: Version 10.2.0.1.0 - Production
  Time: 26-12月-2012 10:17:35
  Tracing not turned on.


***********************************************************************
Fatal NI connect error 6413, connecting to:
 (DESCRIPTION=(ADDRESS_LIST=(ADDRESS=(PROTOCOL=BEQ)(PROGRAM=oracle)(ARGV0=oracleORCL)(ARGS='(DESCRIPTION=(LOCAL=YES)(ADDRESS=(PROTOCOL=beq)))')))(CONNECT_DATA=(SID=ORCL)(CID=(PROGRAM=D:\4700mm开发平台(Final)\NGHB\NGHB\WG\bin\Debug\WG.vshost.exe)(HOST=LC-PC)(USER=LC))))

  VERSION INFORMATION:
	TNS for 32-bit Windows: Version 10.2.0.1.0 - Production
  Time: 26-12月-2012 10:17:35
  Tracing not turned on.


***********************************************************************
Fatal NI connect error 6413, connecting to:
 (DESCRIPTION=(ADDRESS_LIST=(ADDRESS=(PROTOCOL=TCP)(HOST=172.18.199.57)(PORT=1521)))(CONNECT_DATA=(SERVICE_NAME=MESTEST)(CID=(PROGRAM=D:\4700mm开发平台(Final)\NGHB\NGHB\WG\bin\Debug\WG.vshost.exe)(HOST=LC-PC)(USER=LC))))

  VERSION INFORMATION:
	TNS for 32-bit Windows: Version 10.2.0.1.0 - Production
  Time: 26-12月-2012 10:18:32
  Tracing not turned on.


***********************************************************************
Fatal NI connect error 6413, connecting to:
 (DESCRIPTION=(ADDRESS_LIST=(ADDRESS=(PROTOCOL=BEQ)(PROGRAM=oracle)(ARGV0=oracleORCL)(ARGS='(DESCRIPTION=(LOCAL=YES)(ADDRESS=(PROTOCOL=beq)))')))(CONNECT_DATA=(SID=ORCL)(CID=(PROGRAM=D:\4700mm开发平台(Final)\NGHB\NGHB\WG\bin\Debug\WG.vshost.exe)(HOST=LC-PC)(USER=LC))))

  VERSION INFORMATION:
	TNS for 32-bit Windows: Version 10.2.0.1.0 - Production
  Time: 26-12月-2012 10:18:32
  Tracing not turned on.


***********************************************************************
Fatal NI connect error 6413, connecting to:
 (DESCRIPTION=(ADDRESS_LIST=(ADDRESS=(PROTOCOL=TCP)(HOST=172.18.199.57)(PORT=1521)))(CONNECT_DATA=(SERVICE_NAME=MESTEST)(CID=(PROGRAM=D:\4700mm开发平台(Final)\NGHB\NGHB\WG\bin\Debug\WG.vshost.exe)(HOST=LC-PC)(USER=LC))))

  VERSION INFORMATION:
	TNS for 32-bit Windows: Version 10.2.0.1.0 - Production
  Time: 26-12月-2012 10:18:36
  Tracing not turned on.


***********************************************************************
Fatal NI connect error 6413, connecting to:
 (DESCRIPTION=(ADDRESS_LIST=(ADDRESS=(PROTOCOL=BEQ)(PROGRAM=oracle)(ARGV0=oracleORCL)(ARGS='(DESCRIPTION=(LOCAL=YES)(ADDRESS=(PROTOCOL=beq)))')))(CONNECT_DATA=(SID=ORCL)(CID=(PROGRAM=D:\4700mm开发平台(Final)\NGHB\NGHB\WG\bin\Debug\WG.vshost.exe)(HOST=LC-PC)(USER=LC))))

  VERSION INFORMATION:
	TNS for 32-bit Windows: Version 10.2.0.1.0 - Production
  Time: 26-12月-2012 10:18:36
  Tracing not turned on.


***********************************************************************
Fatal NI connect error 6413, connecting to:
 (DESCRIPTION=(ADDRESS_LIST=(ADDRESS=(PROTOCOL=TCP)(HOST=172.18.199.57)(PORT=1521)))(CONNECT_DATA=(SERVICE_NAME=MESTEST)(CID=(PROGRAM=D:\4700mm开发平台(Final)\NGHB\NGHB\WG\bin\Debug\WG.vshost.exe)(HOST=LC-PC)(USER=LC))))

  VERSION INFORMATION:
	TNS for 32-bit Windows: Version 10.2.0.1.0 - Production
  Time: 26-12月-2012 10:18:38
  Tracing not turned on.


***********************************************************************
Fatal NI connect error 6413, connecting to:
 (DESCRIPTION=(ADDRESS_LIST=(ADDRESS=(PROTOCOL=BEQ)(PROGRAM=oracle)(ARGV0=oracleORCL)(ARGS='(DESCRIPTION=(LOCAL=YES)(ADDRESS=(PROTOCOL=beq)))')))(CONNECT_DATA=(SID=ORCL)(CID=(PROGRAM=D:\4700mm开发平台(Final)\NGHB\NGHB\WG\bin\Debug\WG.vshost.exe)(HOST=LC-PC)(USER=LC))))

  VERSION INFORMATION:
	TNS for 32-bit Windows: Version 10.2.0.1.0 - Production
  Time: 26-12月-2012 10:18:38
  Tracing not turned on.


***********************************************************************
Fatal NI connect error 12541, connecting to:
 (DESCRIPTION=(ADDRESS=(PROTOCOL=TCP)(HOST=mes.nisco.cn)(PORT=1521))(CONNECT_DATA=(SERVICE_NAME=ora9)(CID=(PROGRAM=C:\Users\HAN\Desktop\NGHB\CG\bin\Debug\CG.vshost.exe)(HOST=HAN-PC)(USER=HAN))))

  VERSION INFORMATION:
	TNS for 32-bit Windows: Version 10.2.0.1.0 - Production
	Windows NT TCP/IP NT Protocol Adapter for 32-bit Windows: Version 10.2.0.1.0 - Production
  Time: 29-4月 -2017 10:18:55
  Tracing not turned on.
  Tns error struct:
    ns main err code: 12541
    TNS-12541: Message 12541 not found; No message file for product=NETWORK, facility=TNS
    ns secondary err code: 12560
    nt main err code: 511
    TNS-00511: Message 511 not found; No message file for product=NETWORK, facility=TNS
    nt secondary err code: 61
    nt OS err code: 0


***********************************************************************
Fatal NI connect error 12560, connecting to:
 (DESCRIPTION=(ADDRESS=(PROTOCOL=BEQ)(PROGRAM=oracle)(ARGV0=oracleORCL)(ARGS='(DESCRIPTION=(LOCAL=YES)(ADDRESS=(PROTOCOL=beq)))'))(CONNECT_DATA=(SID=ORCL)(CID=(PROGRAM=C:\Users\HAN\Desktop\NGHB\CG\bin\Debug\CG.vshost.exe)(HOST=HAN-PC)(USER=HAN))))

  VERSION INFORMATION:
	TNS for 32-bit Windows: Version 10.2.0.1.0 - Production
	Oracle Bequeath NT Protocol Adapter for 32-bit Windows: Version 10.2.0.1.0 - Production
  Time: 29-4月 -2017 10:18:55
  Tracing not turned on.
  Tns error struct:
    ns main err code: 12560
    TNS-12560: Message 12560 not found; No message file for product=NETWORK, facility=TNS
    ns secondary err code: 0
    nt main err code: 530
    TNS-00530: Message 530 not found; No message file for product=NETWORK, facility=TNS
    nt secondary err code: 126
    nt OS err code: 0


***********************************************************************
Fatal NI connect error 12170.

  VERSION INFORMATION:
	TNS for 32-bit Windows: Version 10.2.0.1.0 - Production
	Windows NT TCP/IP NT Protocol Adapter for 32-bit Windows: Version 10.2.0.1.0 - Production
  Time: 29-4月 -2017 10:19:15
  Tracing not turned on.
  Tns error struct:
    ns main err code: 12535
    TNS-12535: Message 12535 not found; No message file for product=NETWORK, facility=TNS
    ns secondary err code: 12560
    nt main err code: 505
    TNS-00505: Message 505 not found; No message file for product=NETWORK, facility=TNS
    nt secondary err code: 60
    nt OS err code: 0
  Client address: <unknown>


***********************************************************************
Fatal NI connect error 12560, connecting to:
 (DESCRIPTION=(ADDRESS=(PROTOCOL=BEQ)(PROGRAM=oracle)(ARGV0=oracleORCL)(ARGS='(DESCRIPTION=(LOCAL=YES)(ADDRESS=(PROTOCOL=beq)))'))(CONNECT_DATA=(SID=ORCL)(CID=(PROGRAM=C:\Users\HAN\Desktop\NGHB\CG\bin\Debug\CG.vshost.exe)(HOST=HAN-PC)(USER=HAN))))

  VERSION INFORMATION:
	TNS for 32-bit Windows: Version 10.2.0.1.0 - Production
	Oracle Bequeath NT Protocol Adapter for 32-bit Windows: Version 10.2.0.1.0 - Production
  Time: 29-4月 -2017 10:19:15
  Tracing not turned on.
  Tns error struct:
    ns main err code: 12560
    TNS-12560: Message 12560 not found; No message file for product=NETWORK, facility=TNS
    ns secondary err code: 0
    nt main err code: 530
    TNS-00530: Message 530 not found; No message file for product=NETWORK, facility=TNS
    nt secondary err code: 126
    nt OS err code: 0


***********************************************************************
Fatal NI connect error 12545, connecting to:
 (DESCRIPTION=(ADDRESS=(PROTOCOL=TCP)(HOST=mes.nisco.cn)(PORT=1521))(CONNECT_DATA=(SERVICE_NAME=ora9)(CID=(PROGRAM=C:\Users\HAN\Desktop\NGHB\CG\bin\Debug\CG.vshost.exe)(HOST=HAN-PC)(USER=HAN))))

  VERSION INFORMATION:
	TNS for 32-bit Windows: Version 10.2.0.1.0 - Production
	Windows NT TCP/IP NT Protocol Adapter for 32-bit Windows: Version 10.2.0.1.0 - Production
  Time: 29-4月 -2017 10:19:57
  Tracing not turned on.
  Tns error struct:
    ns main err code: 12545
    TNS-12545: Message 12545 not found; No message file for product=NETWORK, facility=TNS
    ns secondary err code: 12560
    nt main err code: 515
    TNS-00515: Message 515 not found; No message file for product=NETWORK, facility=TNS
    nt secondary err code: 1004
    nt OS err code: 0


***********************************************************************
Fatal NI connect error 12560, connecting to:
 (DESCRIPTION=(ADDRESS=(PROTOCOL=BEQ)(PROGRAM=oracle)(ARGV0=oracleORCL)(ARGS='(DESCRIPTION=(LOCAL=YES)(ADDRESS=(PROTOCOL=beq)))'))(CONNECT_DATA=(SID=ORCL)(CID=(PROGRAM=C:\Users\HAN\Desktop\NGHB\CG\bin\Debug\CG.vshost.exe)(HOST=HAN-PC)(USER=HAN))))

  VERSION INFORMATION:
	TNS for 32-bit Windows: Version 10.2.0.1.0 - Production
	Oracle Bequeath NT Protocol Adapter for 32-bit Windows: Version 10.2.0.1.0 - Production
  Time: 29-4月 -2017 10:19:57
  Tracing not turned on.
  Tns error struct:
    ns main err code: 12560
    TNS-12560: Message 12560 not found; No message file for product=NETWORK, facility=TNS
    ns secondary err code: 0
    nt main err code: 530
    TNS-00530: Message 530 not found; No message file for product=NETWORK, facility=TNS
    nt secondary err code: 126
    nt OS err code: 0


***********************************************************************
Fatal NI connect error 12170.

  VERSION INFORMATION:
	TNS for 32-bit Windows: Version 10.2.0.1.0 - Production
	Windows NT TCP/IP NT Protocol Adapter for 32-bit Windows: Version 10.2.0.1.0 - Production
  Time: 22-5月 -2017 15:22:49
  Tracing not turned on.
  Tns error struct:
    ns main err code: 12535
    TNS-12535: Message 12535 not found; No message file for product=NETWORK, facility=TNS
    ns secondary err code: 12560
    nt main err code: 505
    TNS-00505: Message 505 not found; No message file for product=NETWORK, facility=TNS
    nt secondary err code: 60
    nt OS err code: 0
  Client address: <unknown>


***********************************************************************
Fatal NI connect error 12560, connecting to:
 (DESCRIPTION=(ADDRESS=(PROTOCOL=BEQ)(PROGRAM=oracle)(ARGV0=oracleORCL)(ARGS='(DESCRIPTION=(LOCAL=YES)(ADDRESS=(PROTOCOL=beq)))'))(CONNECT_DATA=(SID=ORCL)(CID=(PROGRAM=C:\Users\HAN\Desktop\github\NGHB\CG\bin\Debug\CG.vshost.exe)(HOST=HAN-PC)(USER=HAN))))

  VERSION INFORMATION:
	TNS for 32-bit Windows: Version 10.2.0.1.0 - Production
	Oracle Bequeath NT Protocol Adapter for 32-bit Windows: Version 10.2.0.1.0 - Production
  Time: 22-5月 -2017 15:22:49
  Tracing not turned on.
  Tns error struct:
    ns main err code: 12560
    TNS-12560: Message 12560 not found; No message file for product=NETWORK, facility=TNS
    ns secondary err code: 0
    nt main err code: 530
    TNS-00530: Message 530 not found; No message file for product=NETWORK, facility=TNS
    nt secondary err code: 126
    nt OS err code: 0


***********************************************************************
Fatal NI connect error 12541, connecting to:
 (DESCRIPTION=(ADDRESS=(PROTOCOL=TCP)(HOST=mes.nisco.cn)(PORT=1521))(CONNECT_DATA=(SERVICE_NAME=ora9)(CID=(PROGRAM=C:\Users\HAN\Desktop\github\NGHB\CG\bin\Debug\CG.vshost.exe)(HOST=HAN-PC)(USER=HAN))))

  VERSION INFORMATION:
	TNS for 32-bit Windows: Version 10.2.0.1.0 - Production
	Windows NT TCP/IP NT Protocol Adapter for 32-bit Windows: Version 10.2.0.1.0 - Production
  Time: 30-12月-2017 11:43:37
  Tracing not turned on.
  Tns error struct:
    ns main err code: 12541
    TNS-12541: Message 12541 not found; No message file for product=NETWORK, facility=TNS
    ns secondary err code: 12560
    nt main err code: 511
    TNS-00511: Message 511 not found; No message file for product=NETWORK, facility=TNS
    nt secondary err code: 61
    nt OS err code: 0


***********************************************************************
Fatal NI connect error 12560, connecting to:
 (DESCRIPTION=(ADDRESS=(PROTOCOL=BEQ)(PROGRAM=oracle)(ARGV0=oracleORCL)(ARGS='(DESCRIPTION=(LOCAL=YES)(ADDRESS=(PROTOCOL=beq)))'))(CONNECT_DATA=(SID=ORCL)(CID=(PROGRAM=C:\Users\HAN\Desktop\github\NGHB\CG\bin\Debug\CG.vshost.exe)(HOST=HAN-PC)(USER=HAN))))

  VERSION INFORMATION:
	TNS for 32-bit Windows: Version 10.2.0.1.0 - Production
	Oracle Bequeath NT Protocol Adapter for 32-bit Windows: Version 10.2.0.1.0 - Production
  Time: 30-12月-2017 11:43:37
  Tracing not turned on.
  Tns error struct:
    ns main err code: 12560
    TNS-12560: Message 12560 not found; No message file for product=NETWORK, facility=TNS
    ns secondary err code: 0
    nt main err code: 530
    TNS-00530: Message 530 not found; No message file for product=NETWORK, facility=TNS
    nt secondary err code: 126
    nt OS err code: 0
